This file contains any messages produced by compilers while
running configure, to aid debugging if configure makes a mistake.

It was created by configure, which was
generated by GNU Autoconf 2.69.  Invocation command line was

  $ ./configure 

## --------- ##
## Platform. ##
## --------- ##

hostname = raphael-bresson-laptop
uname -m = x86_64
uname -r = 3.16.0-4-amd64
uname -s = Linux
uname -v = #1 SMP Debian 3.16.7-ckt25-2 (2016-04-08)

/usr/bin/uname -p = unknown
/bin/uname -X     = unknown

/bin/arch              = unknown
/usr/bin/arch -k       = unknown
/usr/convex/getsysinfo = unknown
/usr/bin/hostinfo      = unknown
/bin/machine           = unknown
/usr/bin/oslevel       = unknown
/bin/universe          = unknown

PATH: /usr/local/sbin
PATH: /usr/local/bin
PATH: /usr/sbin
PATH: /usr/bin
PATH: /sbin
PATH: /bin


## ----------- ##
## Core tests. ##
## ----------- ##

configure:2407: checking build system type
configure:2421: result: x86_64-unknown-linux-gnu
configure:2441: checking host system type
configure:2454: result: x86_64-unknown-linux-gnu
configure:2495: checking how to print strings
configure:2522: result: printf
configure:2594: checking for gcc
configure:2610: found /usr/bin/gcc
configure:2621: result: gcc
configure:2850: checking for C compiler version
configure:2859: gcc --version >&5
gcc (Debian 4.9.2-10) 4.9.2
Copyright (C) 2014 Free Software Foundation, Inc.
This is free software; see the source for copying conditions.  There is NO
warranty; not even for MERCHANTABILITY or FITNESS FOR A PARTICULAR PURPOSE.

configure:2870: $? = 0
configure:2859: gcc -v >&5
Using built-in specs.
COLLECT_GCC=gcc
COLLECT_LTO_WRAPPER=/usr/lib/gcc/x86_64-linux-gnu/4.9/lto-wrapper
Target: x86_64-linux-gnu
Configured with: ../src/configure -v --with-pkgversion='Debian 4.9.2-10' --with-bugurl=file:///usr/share/doc/gcc-4.9/README.Bugs --enable-languages=c,c++,java,go,d,fortran,objc,obj-c++ --prefix=/usr --program-suffix=-4.9 --enable-shared --enable-linker-build-id --libexecdir=/usr/lib --without-included-gettext --enable-threads=posix --with-gxx-include-dir=/usr/include/c++/4.9 --libdir=/usr/lib --enable-nls --with-sysroot=/ --enable-clocale=gnu --enable-libstdcxx-debug --enable-libstdcxx-time=yes --enable-gnu-unique-object --disable-vtable-verify --enable-plugin --with-system-zlib --disable-browser-plugin --enable-java-awt=gtk --enable-gtk-cairo --with-java-home=/usr/lib/jvm/java-1.5.0-gcj-4.9-amd64/jre --enable-java-home --with-jvm-root-dir=/usr/lib/jvm/java-1.5.0-gcj-4.9-amd64 --with-jvm-jar-dir=/usr/lib/jvm-exports/java-1.5.0-gcj-4.9-amd64 --with-arch-directory=amd64 --with-ecj-jar=/usr/share/java/eclipse-ecj.jar --enable-objc-gc --enable-multiarch --with-arch-32=i586 --with-abi=m64 --with-multilib-list=m32,m64,mx32 --enable-multilib --with-tune=generic --enable-checking=release --build=x86_64-linux-gnu --host=x86_64-linux-gnu --target=x86_64-linux-gnu
Thread model: posix
gcc version 4.9.2 (Debian 4.9.2-10) 
configure:2870: $? = 0
configure:2859: gcc -V >&5
gcc: error: unrecognized command line option '-V'
gcc: fatal error: no input files
compilation terminated.
configure:2870: $? = 4
configure:2859: gcc -qversion >&5
gcc: error: unrecognized command line option '-qversion'
gcc: fatal error: no input files
compilation terminated.
configure:2870: $? = 4
configure:2890: checking whether the C compiler works
configure:2912: gcc    conftest.c  >&5
configure:2916: $? = 0
configure:2964: result: yes
configure:2967: checking for C compiler default output file name
configure:2969: result: a.out
configure:2975: checking for suffix of executables
configure:2982: gcc -o conftest    conftest.c  >&5
configure:2986: $? = 0
configure:3008: result: 
configure:3030: checking whether we are cross compiling
configure:3038: gcc -o conftest    conftest.c  >&5
configure:3042: $? = 0
configure:3049: ./conftest
configure:3053: $? = 0
configure:3068: result: no
configure:3073: checking for suffix of object files
configure:3095: gcc -c   conftest.c >&5
configure:3099: $? = 0
configure:3120: result: o
configure:3124: checking whether we are using the GNU C compiler
configure:3143: gcc -c   conftest.c >&5
configure:3143: $? = 0
configure:3152: result: yes
configure:3161: checking whether gcc accepts -g
configure:3181: gcc -c -g  conftest.c >&5
configure:3181: $? = 0
configure:3222: result: yes
configure:3239: checking for gcc option to accept ISO C89
configure:3302: gcc  -c -g -O2  conftest.c >&5
configure:3302: $? = 0
configure:3315: result: none needed
configure:3340: checking whether gcc understands -c and -o together
configure:3362: gcc -c conftest.c -o conftest2.o
configure:3365: $? = 0
configure:3362: gcc -c conftest.c -o conftest2.o
configure:3365: $? = 0
configure:3377: result: yes
configure:3394: checking for a sed that does not truncate output
configure:3458: result: /bin/sed
configure:3476: checking for grep that handles long lines and -e
configure:3534: result: /bin/grep
configure:3539: checking for egrep
configure:3601: result: /bin/grep -E
configure:3606: checking for fgrep
configure:3668: result: /bin/grep -F
configure:3703: checking for ld used by gcc
configure:3770: result: /usr/bin/ld
configure:3777: checking if the linker (/usr/bin/ld) is GNU ld
configure:3792: result: yes
configure:3804: checking for BSD- or MS-compatible name lister (nm)
configure:3853: result: /usr/bin/nm -B
configure:3983: checking the name lister (/usr/bin/nm -B) interface
configure:3990: gcc -c -g -O2  conftest.c >&5
configure:3993: /usr/bin/nm -B "conftest.o"
configure:3996: output
0000000000000000 B some_variable
configure:4003: result: BSD nm
configure:4006: checking whether ln -s works
configure:4010: result: yes
configure:4018: checking the maximum length of command line arguments
configure:4149: result: 1572864
configure:4166: checking whether the shell understands some XSI constructs
configure:4176: result: yes
configure:4180: checking whether the shell understands "+="
configure:4186: result: yes
configure:4221: checking how to convert x86_64-unknown-linux-gnu file names to x86_64-unknown-linux-gnu format
configure:4261: result: func_convert_file_noop
configure:4268: checking how to convert x86_64-unknown-linux-gnu file names to toolchain format
configure:4288: result: func_convert_file_noop
configure:4295: checking for /usr/bin/ld option to reload object files
configure:4302: result: -r
configure:4376: checking for objdump
configure:4392: found /usr/bin/objdump
configure:4403: result: objdump
configure:4432: checking how to recognize dependent libraries
configure:4630: result: pass_all
configure:4715: checking for dlltool
configure:4745: result: no
configure:4772: checking how to associate runtime and link libraries
configure:4799: result: printf %s\n
configure:4860: checking for ar
configure:4876: found /usr/bin/ar
configure:4887: result: ar
configure:4924: checking for archiver @FILE support
configure:4941: gcc -c -g -O2  conftest.c >&5
configure:4941: $? = 0
configure:4944: ar cru libconftest.a @conftest.lst >&5
configure:4947: $? = 0
configure:4952: ar cru libconftest.a @conftest.lst >&5
ar: conftest.o: No such file or directory
configure:4955: $? = 1
configure:4967: result: @
configure:5025: checking for strip
configure:5041: found /usr/bin/strip
configure:5052: result: strip
configure:5124: checking for ranlib
configure:5140: found /usr/bin/ranlib
configure:5151: result: ranlib
configure:5228: checking for gawk
configure:5258: result: no
configure:5228: checking for mawk
configure:5244: found /usr/bin/mawk
configure:5255: result: mawk
configure:5295: checking command to parse /usr/bin/nm -B output from gcc object
configure:5415: gcc -c -g -O2  conftest.c >&5
configure:5418: $? = 0
configure:5422: /usr/bin/nm -B conftest.o \| sed -n -e 's/^.*[ ]\([ABCDGIRSTW][ABCDGIRSTW]*\)[ ][ ]*\([_A-Za-z][_A-Za-z0-9]*\)$/\1 \2 \2/p' | sed '/ __gnu_lto/d' \> conftest.nm
configure:5425: $? = 0
configure:5491: gcc -o conftest -g -O2   conftest.c conftstm.o >&5
configure:5494: $? = 0
configure:5532: result: ok
configure:5569: checking for sysroot
configure:5599: result: no
configure:5676: gcc -c -g -O2  conftest.c >&5
configure:5679: $? = 0
configure:5868: checking for mt
configure:5884: found /bin/mt
configure:5895: result: mt
configure:5918: checking if mt is a manifest tool
configure:5924: mt '-?'
configure:5932: result: no
configure:6574: checking how to run the C preprocessor
configure:6605: gcc -E  conftest.c
configure:6605: $? = 0
configure:6619: gcc -E  conftest.c
conftest.c:9:28: fatal error: ac_nonexistent.h: No such file or directory
 #include <ac_nonexistent.h>
                            ^
compilation terminated.
configure:6619: $? = 1
configure: failed program was:
| /* confdefs.h */
| #define PACKAGE_NAME ""
| #define PACKAGE_TARNAME ""
| #define PACKAGE_VERSION ""
| #define PACKAGE_STRING ""
| #define PACKAGE_BUGREPORT ""
| #define PACKAGE_URL ""
| /* end confdefs.h.  */
| #include <ac_nonexistent.h>
configure:6644: result: gcc -E
configure:6664: gcc -E  conftest.c
configure:6664: $? = 0
configure:6678: gcc -E  conftest.c
conftest.c:9:28: fatal error: ac_nonexistent.h: No such file or directory
 #include <ac_nonexistent.h>
                            ^
compilation terminated.
configure:6678: $? = 1
configure: failed program was:
| /* confdefs.h */
| #define PACKAGE_NAME ""
| #define PACKAGE_TARNAME ""
| #define PACKAGE_VERSION ""
| #define PACKAGE_STRING ""
| #define PACKAGE_BUGREPORT ""
| #define PACKAGE_URL ""
| /* end confdefs.h.  */
| #include <ac_nonexistent.h>
configure:6707: checking for ANSI C header files
configure:6727: gcc -c -g -O2  conftest.c >&5
configure:6727: $? = 0
configure:6800: gcc -o conftest -g -O2   conftest.c  >&5
configure:6800: $? = 0
configure:6800: ./conftest
configure:6800: $? = 0
configure:6811: result: yes
configure:6824: checking for sys/types.h
configure:6824: gcc -c -g -O2  conftest.c >&5
configure:6824: $? = 0
configure:6824: result: yes
configure:6824: checking for sys/stat.h
configure:6824: gcc -c -g -O2  conftest.c >&5
configure:6824: $? = 0
configure:6824: result: yes
configure:6824: checking for stdlib.h
configure:6824: gcc -c -g -O2  conftest.c >&5
configure:6824: $? = 0
configure:6824: result: yes
configure:6824: checking for string.h
configure:6824: gcc -c -g -O2  conftest.c >&5
configure:6824: $? = 0
configure:6824: result: yes
configure:6824: checking for memory.h
configure:6824: gcc -c -g -O2  conftest.c >&5
configure:6824: $? = 0
configure:6824: result: yes
configure:6824: checking for strings.h
configure:6824: gcc -c -g -O2  conftest.c >&5
configure:6824: $? = 0
configure:6824: result: yes
configure:6824: checking for inttypes.h
configure:6824: gcc -c -g -O2  conftest.c >&5
configure:6824: $? = 0
configure:6824: result: yes
configure:6824: checking for stdint.h
configure:6824: gcc -c -g -O2  conftest.c >&5
configure:6824: $? = 0
configure:6824: result: yes
configure:6824: checking for unistd.h
configure:6824: gcc -c -g -O2  conftest.c >&5
configure:6824: $? = 0
configure:6824: result: yes
configure:6838: checking for dlfcn.h
configure:6838: gcc -c -g -O2  conftest.c >&5
configure:6838: $? = 0
configure:6838: result: yes
configure:7342: checking for objdir
configure:7357: result: .libs
configure:7624: checking if gcc supports -fno-rtti -fno-exceptions
configure:7642: gcc -c -g -O2  -fno-rtti -fno-exceptions conftest.c >&5
cc1: warning: command line option '-fno-rtti' is valid for C++/ObjC++ but not for C
configure:7646: $? = 0
configure:7659: result: no
configure:7986: checking for gcc option to produce PIC
configure:7993: result: -fPIC -DPIC
configure:8001: checking if gcc PIC flag -fPIC -DPIC works
configure:8019: gcc -c -g -O2  -fPIC -DPIC -DPIC conftest.c >&5
configure:8023: $? = 0
configure:8036: result: yes
configure:8065: checking if gcc static flag -static works
configure:8093: result: yes
configure:8108: checking if gcc supports -c -o file.o
configure:8129: gcc -c -g -O2  -o out/conftest2.o conftest.c >&5
configure:8133: $? = 0
configure:8155: result: yes
configure:8163: checking if gcc supports -c -o file.o
configure:8210: result: yes
configure:8243: checking whether the gcc linker (/usr/bin/ld -m elf_x86_64) supports shared libraries
configure:9400: result: yes
configure:9437: checking whether -lc should be explicitly linked in
configure:9445: gcc -c -g -O2  conftest.c >&5
configure:9448: $? = 0
configure:9463: gcc -shared  -fPIC -DPIC conftest.o  -v -Wl,-soname -Wl,conftest -o conftest 2\>\&1 \| /bin/grep  -lc  \>/dev/null 2\>\&1
configure:9466: $? = 0
configure:9480: result: no
configure:9640: checking dynamic linker characteristics
configure:10140: gcc -o conftest -g -O2   -Wl,-rpath -Wl,/foo conftest.c  >&5
configure:10140: $? = 0
configure:10374: result: GNU/Linux ld.so
configure:10481: checking how to hardcode library paths into programs
configure:10506: result: immediate
configure:11046: checking whether stripping libraries is possible
configure:11051: result: yes
configure:11086: checking if libtool supports shared libraries
configure:11088: result: yes
configure:11091: checking whether to build shared libraries
configure:11112: result: yes
configure:11115: checking whether to build static libraries
configure:11119: result: yes
configure:11185: checking for a BSD-compatible install
configure:11253: result: /usr/bin/install -c
configure:11264: checking whether build environment is sane
configure:11319: result: yes
configure:11467: checking for a thread-safe mkdir -p
configure:11506: result: /bin/mkdir -p
configure:11509: checking whether make sets $(MAKE)
configure:11531: result: yes
configure:11561: checking for style of include used by make
configure:11589: result: GNU
configure:11623: checking whether make supports nested variables
configure:11640: result: yes
configure:11726: checking dependency style of gcc
configure:11837: result: gcc3
configure:11945: checking for gcc
configure:11972: result: gcc
configure:12201: checking for C compiler version
configure:12210: gcc --version >&5
gcc (Debian 4.9.2-10) 4.9.2
Copyright (C) 2014 Free Software Foundation, Inc.
This is free software; see the source for copying conditions.  There is NO
warranty; not even for MERCHANTABILITY or FITNESS FOR A PARTICULAR PURPOSE.

configure:12221: $? = 0
configure:12210: gcc -v >&5
Using built-in specs.
COLLECT_GCC=gcc
COLLECT_LTO_WRAPPER=/usr/lib/gcc/x86_64-linux-gnu/4.9/lto-wrapper
Target: x86_64-linux-gnu
Configured with: ../src/configure -v --with-pkgversion='Debian 4.9.2-10' --with-bugurl=file:///usr/share/doc/gcc-4.9/README.Bugs --enable-languages=c,c++,java,go,d,fortran,objc,obj-c++ --prefix=/usr --program-suffix=-4.9 --enable-shared --enable-linker-build-id --libexecdir=/usr/lib --without-included-gettext --enable-threads=posix --with-gxx-include-dir=/usr/include/c++/4.9 --libdir=/usr/lib --enable-nls --with-sysroot=/ --enable-clocale=gnu --enable-libstdcxx-debug --enable-libstdcxx-time=yes --enable-gnu-unique-object --disable-vtable-verify --enable-plugin --with-system-zlib --disable-browser-plugin --enable-java-awt=gtk --enable-gtk-cairo --with-java-home=/usr/lib/jvm/java-1.5.0-gcj-4.9-amd64/jre --enable-java-home --with-jvm-root-dir=/usr/lib/jvm/java-1.5.0-gcj-4.9-amd64 --with-jvm-jar-dir=/usr/lib/jvm-exports/java-1.5.0-gcj-4.9-amd64 --with-arch-directory=amd64 --with-ecj-jar=/usr/share/java/eclipse-ecj.jar --enable-objc-gc --enable-multiarch --with-arch-32=i586 --with-abi=m64 --with-multilib-list=m32,m64,mx32 --enable-multilib --with-tune=generic --enable-checking=release --build=x86_64-linux-gnu --host=x86_64-linux-gnu --target=x86_64-linux-gnu
Thread model: posix
gcc version 4.9.2 (Debian 4.9.2-10) 
configure:12221: $? = 0
configure:12210: gcc -V >&5
gcc: error: unrecognized command line option '-V'
gcc: fatal error: no input files
compilation terminated.
configure:12221: $? = 4
configure:12210: gcc -qversion >&5
gcc: error: unrecognized command line option '-qversion'
gcc: fatal error: no input files
compilation terminated.
configure:12221: $? = 4
configure:12225: checking whether we are using the GNU C compiler
configure:12253: result: yes
configure:12262: checking whether gcc accepts -g
configure:12323: result: yes
configure:12340: checking for gcc option to accept ISO C89
configure:12416: result: none needed
configure:12441: checking whether gcc understands -c and -o together
configure:12478: result: yes
configure:12549: checking for gcc
configure:12565: found /usr/bin/gcc
configure:12576: result: gcc
configure:12601: checking for Objective C compiler version
configure:12610: gcc --version >&5
gcc (Debian 4.9.2-10) 4.9.2
Copyright (C) 2014 Free Software Foundation, Inc.
This is free software; see the source for copying conditions.  There is NO
warranty; not even for MERCHANTABILITY or FITNESS FOR A PARTICULAR PURPOSE.

configure:12621: $? = 0
configure:12610: gcc -v >&5
Using built-in specs.
COLLECT_GCC=gcc
COLLECT_LTO_WRAPPER=/usr/lib/gcc/x86_64-linux-gnu/4.9/lto-wrapper
Target: x86_64-linux-gnu
Configured with: ../src/configure -v --with-pkgversion='Debian 4.9.2-10' --with-bugurl=file:///usr/share/doc/gcc-4.9/README.Bugs --enable-languages=c,c++,java,go,d,fortran,objc,obj-c++ --prefix=/usr --program-suffix=-4.9 --enable-shared --enable-linker-build-id --libexecdir=/usr/lib --without-included-gettext --enable-threads=posix --with-gxx-include-dir=/usr/include/c++/4.9 --libdir=/usr/lib --enable-nls --with-sysroot=/ --enable-clocale=gnu --enable-libstdcxx-debug --enable-libstdcxx-time=yes --enable-gnu-unique-object --disable-vtable-verify --enable-plugin --with-system-zlib --disable-browser-plugin --enable-java-awt=gtk --enable-gtk-cairo --with-java-home=/usr/lib/jvm/java-1.5.0-gcj-4.9-amd64/jre --enable-java-home --with-jvm-root-dir=/usr/lib/jvm/java-1.5.0-gcj-4.9-amd64 --with-jvm-jar-dir=/usr/lib/jvm-exports/java-1.5.0-gcj-4.9-amd64 --with-arch-directory=amd64 --with-ecj-jar=/usr/share/java/eclipse-ecj.jar --enable-objc-gc --enable-multiarch --with-arch-32=i586 --with-abi=m64 --with-multilib-list=m32,m64,mx32 --enable-multilib --with-tune=generic --enable-checking=release --build=x86_64-linux-gnu --host=x86_64-linux-gnu --target=x86_64-linux-gnu
Thread model: posix
gcc version 4.9.2 (Debian 4.9.2-10) 
configure:12621: $? = 0
configure:12610: gcc -V >&5
gcc: error: unrecognized command line option '-V'
gcc: fatal error: no input files
compilation terminated.
configure:12621: $? = 4
configure:12610: gcc -qversion >&5
gcc: error: unrecognized command line option '-qversion'
gcc: fatal error: no input files
compilation terminated.
configure:12621: $? = 4
configure:12625: checking whether we are using the GNU Objective C compiler
configure:12644: gcc -c   conftest.m >&5
gcc: error trying to exec 'cc1obj': execvp: No such file or directory
configure:12644: $? = 1
configure: failed program was:
| /* confdefs.h */
| #define PACKAGE_NAME ""
| #define PACKAGE_TARNAME ""
| #define PACKAGE_VERSION ""
| #define PACKAGE_STRING ""
| #define PACKAGE_BUGREPORT ""
| #define PACKAGE_URL ""
| #define STDC_HEADERS 1
| #define HAVE_SYS_TYPES_H 1
| #define HAVE_SYS_STAT_H 1
| #define HAVE_STDLIB_H 1
| #define HAVE_STRING_H 1
| #define HAVE_MEMORY_H 1
| #define HAVE_STRINGS_H 1
| #define HAVE_INTTYPES_H 1
| #define HAVE_STDINT_H 1
| #define HAVE_UNISTD_H 1
| #define HAVE_DLFCN_H 1
| #define LT_OBJDIR ".libs/"
| #define PACKAGE "SDL2_image"
| #define VERSION "2.0.0"
| /* end confdefs.h.  */
| 
| int
| main ()
| {
| #ifndef __GNUC__
|        choke me
| #endif
| 
|   ;
|   return 0;
| }
configure:12653: result: no
configure:12662: checking whether gcc accepts -g
configure:12682: gcc -c -g  conftest.m >&5
gcc: error trying to exec 'cc1obj': execvp: No such file or directory
configure:12682: $? = 1
configure: failed program was:
| /* confdefs.h */
| #define PACKAGE_NAME ""
| #define PACKAGE_TARNAME ""
| #define PACKAGE_VERSION ""
| #define PACKAGE_STRING ""
| #define PACKAGE_BUGREPORT ""
| #define PACKAGE_URL ""
| #define STDC_HEADERS 1
| #define HAVE_SYS_TYPES_H 1
| #define HAVE_SYS_STAT_H 1
| #define HAVE_STDLIB_H 1
| #define HAVE_STRING_H 1
| #define HAVE_MEMORY_H 1
| #define HAVE_STRINGS_H 1
| #define HAVE_INTTYPES_H 1
| #define HAVE_STDINT_H 1
| #define HAVE_UNISTD_H 1
| #define HAVE_DLFCN_H 1
| #define LT_OBJDIR ".libs/"
| #define PACKAGE "SDL2_image"
| #define VERSION "2.0.0"
| /* end confdefs.h.  */
| 
| int
| main ()
| {
| 
|   ;
|   return 0;
| }
configure:12697: gcc -c   conftest.m >&5
gcc: error trying to exec 'cc1obj': execvp: No such file or directory
configure:12697: $? = 1
configure: failed program was:
| /* confdefs.h */
| #define PACKAGE_NAME ""
| #define PACKAGE_TARNAME ""
| #define PACKAGE_VERSION ""
| #define PACKAGE_STRING ""
| #define PACKAGE_BUGREPORT ""
| #define PACKAGE_URL ""
| #define STDC_HEADERS 1
| #define HAVE_SYS_TYPES_H 1
| #define HAVE_SYS_STAT_H 1
| #define HAVE_STDLIB_H 1
| #define HAVE_STRING_H 1
| #define HAVE_MEMORY_H 1
| #define HAVE_STRINGS_H 1
| #define HAVE_INTTYPES_H 1
| #define HAVE_STDINT_H 1
| #define HAVE_UNISTD_H 1
| #define HAVE_DLFCN_H 1
| #define LT_OBJDIR ".libs/"
| #define PACKAGE "SDL2_image"
| #define VERSION "2.0.0"
| /* end confdefs.h.  */
| 
| int
| main ()
| {
| 
|   ;
|   return 0;
| }
configure:12713: gcc -c -g  conftest.m >&5
gcc: error trying to exec 'cc1obj': execvp: No such file or directory
configure:12713: $? = 1
configure: failed program was:
| /* confdefs.h */
| #define PACKAGE_NAME ""
| #define PACKAGE_TARNAME ""
| #define PACKAGE_VERSION ""
| #define PACKAGE_STRING ""
| #define PACKAGE_BUGREPORT ""
| #define PACKAGE_URL ""
| #define STDC_HEADERS 1
| #define HAVE_SYS_TYPES_H 1
| #define HAVE_SYS_STAT_H 1
| #define HAVE_STDLIB_H 1
| #define HAVE_STRING_H 1
| #define HAVE_MEMORY_H 1
| #define HAVE_STRINGS_H 1
| #define HAVE_INTTYPES_H 1
| #define HAVE_STDINT_H 1
| #define HAVE_UNISTD_H 1
| #define HAVE_DLFCN_H 1
| #define LT_OBJDIR ".libs/"
| #define PACKAGE "SDL2_image"
| #define VERSION "2.0.0"
| /* end confdefs.h.  */
| 
| int
| main ()
| {
| 
|   ;
|   return 0;
| }
configure:12723: result: no
configure:12748: checking dependency style of gcc
configure:12857: result: gcc3
configure:12872: checking for inline
configure:12888: gcc -c -g -O2  conftest.c >&5
configure:12888: $? = 0
configure:12896: result: inline
configure:12915: checking whether make sets $(MAKE)
configure:12937: result: yes
configure:12955: checking for windres
configure:12985: result: no
configure:12955: checking for linux-gnu-windres
configure:12985: result: no

## ---------------- ##
## Cache variables. ##
## ---------------- ##

ac_cv_build=x86_64-unknown-linux-gnu
ac_cv_c_compiler_gnu=yes
ac_cv_c_inline=inline
ac_cv_env_CC_set=
ac_cv_env_CC_value=
ac_cv_env_CFLAGS_set=
ac_cv_env_CFLAGS_value=
ac_cv_env_CPPFLAGS_set=
ac_cv_env_CPPFLAGS_value=
ac_cv_env_CPP_set=
ac_cv_env_CPP_value=
ac_cv_env_LDFLAGS_set=
ac_cv_env_LDFLAGS_value=
ac_cv_env_LIBPNG_CFLAGS_set=
ac_cv_env_LIBPNG_CFLAGS_value=
ac_cv_env_LIBPNG_LIBS_set=
ac_cv_env_LIBPNG_LIBS_value=
ac_cv_env_LIBS_set=
ac_cv_env_LIBS_value=
ac_cv_env_LIBWEBP_CFLAGS_set=
ac_cv_env_LIBWEBP_CFLAGS_value=
ac_cv_env_LIBWEBP_LIBS_set=
ac_cv_env_LIBWEBP_LIBS_value=
ac_cv_env_OBJCFLAGS_set=
ac_cv_env_OBJCFLAGS_value=
ac_cv_env_OBJC_set=
ac_cv_env_OBJC_value=
ac_cv_env_PKG_CONFIG_LIBDIR_set=
ac_cv_env_PKG_CONFIG_LIBDIR_value=
ac_cv_env_PKG_CONFIG_PATH_set=
ac_cv_env_PKG_CONFIG_PATH_value=
ac_cv_env_PKG_CONFIG_set=
ac_cv_env_PKG_CONFIG_value=
ac_cv_env_build_alias_set=
ac_cv_env_build_alias_value=
ac_cv_env_host_alias_set=
ac_cv_env_host_alias_value=
ac_cv_env_target_alias_set=
ac_cv_env_target_alias_value=
ac_cv_header_dlfcn_h=yes
ac_cv_header_inttypes_h=yes
ac_cv_header_memory_h=yes
ac_cv_header_stdc=yes
ac_cv_header_stdint_h=yes
ac_cv_header_stdlib_h=yes
ac_cv_header_string_h=yes
ac_cv_header_strings_h=yes
ac_cv_header_sys_stat_h=yes
ac_cv_header_sys_types_h=yes
ac_cv_header_unistd_h=yes
ac_cv_host=x86_64-unknown-linux-gnu
ac_cv_objc_compiler_gnu=no
ac_cv_objext=o
ac_cv_path_EGREP='/bin/grep -E'
ac_cv_path_FGREP='/bin/grep -F'
ac_cv_path_GREP=/bin/grep
ac_cv_path_SED=/bin/sed
ac_cv_path_install='/usr/bin/install -c'
ac_cv_path_mkdir=/bin/mkdir
ac_cv_prog_AWK=mawk
ac_cv_prog_CPP='gcc -E'
ac_cv_prog_ac_ct_AR=ar
ac_cv_prog_ac_ct_CC=gcc
ac_cv_prog_ac_ct_MANIFEST_TOOL=mt
ac_cv_prog_ac_ct_OBJC=gcc
ac_cv_prog_ac_ct_OBJDUMP=objdump
ac_cv_prog_ac_ct_RANLIB=ranlib
ac_cv_prog_ac_ct_STRIP=strip
ac_cv_prog_cc_c89=
ac_cv_prog_cc_g=yes
ac_cv_prog_make_make_set=yes
ac_cv_prog_objc_g=no
am_cv_CC_dependencies_compiler_type=gcc3
am_cv_OBJC_dependencies_compiler_type=gcc3
am_cv_make_support_nested_variables=yes
am_cv_prog_cc_c_o=yes
lt_cv_ar_at_file=@
lt_cv_archive_cmds_need_lc=no
lt_cv_deplibs_check_method=pass_all
lt_cv_file_magic_cmd='$MAGIC_CMD'
lt_cv_file_magic_test_file=
lt_cv_ld_reload_flag=-r
lt_cv_nm_interface='BSD nm'
lt_cv_objdir=.libs
lt_cv_path_LD=/usr/bin/ld
lt_cv_path_NM='/usr/bin/nm -B'
lt_cv_path_mainfest_tool=no
lt_cv_prog_compiler_c_o=yes
lt_cv_prog_compiler_pic='-fPIC -DPIC'
lt_cv_prog_compiler_pic_works=yes
lt_cv_prog_compiler_rtti_exceptions=no
lt_cv_prog_compiler_static_works=yes
lt_cv_prog_gnu_ld=yes
lt_cv_sharedlib_from_linklib_cmd='printf %s\n'
lt_cv_shlibpath_overrides_runpath=no
lt_cv_sys_global_symbol_pipe='sed -n -e '\''s/^.*[	 ]\([ABCDGIRSTW][ABCDGIRSTW]*\)[	 ][	 ]*\([_A-Za-z][_A-Za-z0-9]*\)$/\1 \2 \2/p'\'' | sed '\''/ __gnu_lto/d'\'''
lt_cv_sys_global_symbol_to_c_name_address='sed -n -e '\''s/^: \([^ ]*\)[ ]*$/  {\"\1\", (void *) 0},/p'\'' -e '\''s/^[ABCDGIRSTW]* \([^ ]*\) \([^ ]*\)$/  {"\2", (void *) \&\2},/p'\'''
lt_cv_sys_global_symbol_to_c_name_address_lib_prefix='sed -n -e '\''s/^: \([^ ]*\)[ ]*$/  {\"\1\", (void *) 0},/p'\'' -e '\''s/^[ABCDGIRSTW]* \([^ ]*\) \(lib[^ ]*\)$/  {"\2", (void *) \&\2},/p'\'' -e '\''s/^[ABCDGIRSTW]* \([^ ]*\) \([^ ]*\)$/  {"lib\2", (void *) \&\2},/p'\'''
lt_cv_sys_global_symbol_to_cdecl='sed -n -e '\''s/^T .* \(.*\)$/extern int \1();/p'\'' -e '\''s/^[ABCDGIRSTW]* .* \(.*\)$/extern char \1;/p'\'''
lt_cv_sys_max_cmd_len=1572864
lt_cv_to_host_file_cmd=func_convert_file_noop
lt_cv_to_tool_file_cmd=func_convert_file_noop

## ----------------- ##
## Output variables. ##
## ----------------- ##

ACLOCAL='${SHELL} /home/raphael/Desktop/3D/PolytechWars/Bibliotheques/SDL2_image-2.0.0/missing aclocal-1.14'
AMDEPBACKSLASH='\'
AMDEP_FALSE='#'
AMDEP_TRUE=''
AMTAR='$${TAR-tar}'
AM_BACKSLASH='\'
AM_DEFAULT_V='$(AM_DEFAULT_VERBOSITY)'
AM_DEFAULT_VERBOSITY='1'
AM_V='$(V)'
AR='ar'
AS='as'
AUTOCONF='${SHELL} /home/raphael/Desktop/3D/PolytechWars/Bibliotheques/SDL2_image-2.0.0/missing autoconf'
AUTOHEADER='${SHELL} /home/raphael/Desktop/3D/PolytechWars/Bibliotheques/SDL2_image-2.0.0/missing autoheader'
AUTOMAKE='${SHELL} /home/raphael/Desktop/3D/PolytechWars/Bibliotheques/SDL2_image-2.0.0/missing automake-1.14'
AWK='mawk'
BINARY_AGE='0'
CC='gcc'
CCDEPMODE='depmode=gcc3'
CFLAGS='-g -O2'
CPP='gcc -E'
CPPFLAGS=''
CYGPATH_W='echo'
DEFS=''
DEPDIR='.deps'
DLLTOOL='false'
DSYMUTIL=''
DUMPBIN=''
ECHO_C=''
ECHO_N='-n'
ECHO_T=''
EGREP='/bin/grep -E'
EXEEXT=''
FGREP='/bin/grep -F'
GREP='/bin/grep'
IMG_LIBS=''
INSTALL_DATA='${INSTALL} -m 644'
INSTALL_PROGRAM='${INSTALL}'
INSTALL_SCRIPT='${INSTALL}'
INSTALL_STRIP_PROGRAM='$(install_sh) -c -s'
INTERFACE_AGE='0'
LD='/usr/bin/ld -m elf_x86_64'
LDFLAGS=''
LIBOBJS=''
LIBPNG_CFLAGS=''
LIBPNG_LIBS=''
LIBS=''
LIBTOOL='$(SHELL) $(top_builddir)/libtool'
LIBWEBP_CFLAGS=''
LIBWEBP_LIBS=''
LIPO=''
LN_S='ln -s'
LTLIBOBJS=''
LT_AGE='0'
LT_CURRENT='0'
LT_RELEASE='2.0'
LT_REVISION='0'
MAJOR_VERSION='2'
MAKEINFO='${SHELL} /home/raphael/Desktop/3D/PolytechWars/Bibliotheques/SDL2_image-2.0.0/missing makeinfo'
MANIFEST_TOOL=':'
MICRO_VERSION='0'
MINOR_VERSION='0'
MKDIR_P='/bin/mkdir -p'
NM='/usr/bin/nm -B'
NMEDIT=''
OBJC='gcc'
OBJCDEPMODE='depmode=gcc3'
OBJCFLAGS=''
OBJDUMP='objdump'
OBJEXT='o'
OTOOL64=''
OTOOL=''
PACKAGE='SDL2_image'
PACKAGE_BUGREPORT=''
PACKAGE_NAME=''
PACKAGE_STRING=''
PACKAGE_TARNAME=''
PACKAGE_URL=''
PACKAGE_VERSION=''
PATH_SEPARATOR=':'
PKG_CONFIG=''
PKG_CONFIG_LIBDIR=''
PKG_CONFIG_PATH=''
RANLIB='ranlib'
SDL_VERSION='2.0.0'
SED='/bin/sed'
SET_MAKE=''
SHELL='/bin/bash'
STRIP='strip'
USE_IMAGEIO_FALSE=''
USE_IMAGEIO_TRUE='#'
USE_VERSION_RC_FALSE=''
USE_VERSION_RC_TRUE='#'
VERSION='2.0.0'
WINDRES=''
ac_ct_AR='ar'
ac_ct_CC='gcc'
ac_ct_DUMPBIN=''
ac_ct_OBJC='gcc'
am__EXEEXT_FALSE=''
am__EXEEXT_TRUE=''
am__fastdepCC_FALSE='#'
am__fastdepCC_TRUE=''
am__fastdepOBJC_FALSE='#'
am__fastdepOBJC_TRUE=''
am__include='include'
am__isrc=''
am__leading_dot='.'
am__nodep='_no'
am__quote=''
am__tar='$${TAR-tar} chof - "$$tardir"'
am__untar='$${TAR-tar} xf -'
bindir='${exec_prefix}/bin'
build='x86_64-unknown-linux-gnu'
build_alias=''
build_cpu='x86_64'
build_os='linux-gnu'
build_vendor='unknown'
datadir='${datarootdir}'
datarootdir='${prefix}/share'
docdir='${datarootdir}/doc/${PACKAGE}'
dvidir='${docdir}'
exec_prefix='NONE'
host='x86_64-unknown-linux-gnu'
host_alias=''
host_cpu='x86_64'
host_os='linux-gnu'
host_vendor='unknown'
htmldir='${docdir}'
includedir='${prefix}/include'
infodir='${datarootdir}/info'
install_sh='${SHELL} /home/raphael/Desktop/3D/PolytechWars/Bibliotheques/SDL2_image-2.0.0/install-sh'
libdir='${exec_prefix}/lib'
libexecdir='${exec_prefix}/libexec'
localedir='${datarootdir}/locale'
localstatedir='${prefix}/var'
mandir='${datarootdir}/man'
mkdir_p='$(MKDIR_P)'
oldincludedir='/usr/include'
pdfdir='${docdir}'
prefix='NONE'
program_transform_name='s,x,x,'
psdir='${docdir}'
sbindir='${exec_prefix}/sbin'
sharedstatedir='${prefix}/com'
sysconfdir='${prefix}/etc'
target_alias=''

## ----------- ##
## confdefs.h. ##
## ----------- ##

/* confdefs.h */
#define PACKAGE_NAME ""
#define PACKAGE_TARNAME ""
#define PACKAGE_VERSION ""
#define PACKAGE_STRING ""
#define PACKAGE_BUGREPORT ""
#define PACKAGE_URL ""
#define STDC_HEADERS 1
#define HAVE_SYS_TYPES_H 1
#define HAVE_SYS_STAT_H 1
#define HAVE_STDLIB_H 1
#define HAVE_STRING_H 1
#define HAVE_MEMORY_H 1
#define HAVE_STRINGS_H 1
#define HAVE_INTTYPES_H 1
#define HAVE_STDINT_H 1
#define HAVE_UNISTD_H 1
#define HAVE_DLFCN_H 1
#define LT_OBJDIR ".libs/"
#define PACKAGE "SDL2_image"
#define VERSION "2.0.0"

configure: exit 2
